<?xml version="1.0" encoding="UTF-8"?>
<coverage generated="1735241946470" clover="3.2.0">
  <project timestamp="1735241946470" name="All files">
    <metrics statements="30" coveredstatements="30" conditionals="39" coveredconditionals="39" methods="8" coveredmethods="8" elements="77" coveredelements="77" complexity="0" loc="30" ncloc="30" packages="1" files="1" classes="1"/>
    <file name="Triangulo.js" path="C:\Workplace\teste_de_software\atividade03-etapa-n2\dist\src\Triangulo.js">
      <metrics statements="30" coveredstatements="30" conditionals="39" coveredconditionals="39" methods="8" coveredmethods="8"/>
      <line num="2" count="1" type="stmt"/>
      <line num="5" count="26" type="stmt"/>
      <line num="6" count="26" type="stmt"/>
      <line num="7" count="26" type="stmt"/>
      <line num="10" count="5" type="cond" truecount="2" falsecount="0"/>
      <line num="13" count="4" type="cond" truecount="4" falsecount="0"/>
      <line num="14" count="1" type="stmt"/>
      <line num="15" count="3" type="cond" truecount="4" falsecount="0"/>
      <line num="16" count="1" type="stmt"/>
      <line num="17" count="2" type="cond" truecount="4" falsecount="0"/>
      <line num="18" count="1" type="stmt"/>
      <line num="19" count="1" type="stmt"/>
      <line num="22" count="4" type="cond" truecount="3" falsecount="0"/>
      <line num="25" count="15" type="cond" truecount="5" falsecount="0"/>
      <line num="27" count="4" type="stmt"/>
      <line num="28" count="11" type="stmt"/>
      <line num="31" count="11" type="cond" truecount="5" falsecount="0"/>
      <line num="32" count="4" type="stmt"/>
      <line num="33" count="7" type="stmt"/>
      <line num="36" count="7" type="cond" truecount="4" falsecount="0"/>
      <line num="37" count="4" type="stmt"/>
      <line num="38" count="3" type="cond" truecount="2" falsecount="0"/>
      <line num="39" count="1" type="stmt"/>
      <line num="40" count="2" type="cond" truecount="2" falsecount="0"/>
      <line num="41" count="1" type="stmt"/>
      <line num="42" count="1" type="stmt"/>
      <line num="45" count="6" type="cond" truecount="4" falsecount="0"/>
      <line num="46" count="1" type="stmt"/>
      <line num="47" count="5" type="stmt"/>
      <line num="50" count="1" type="stmt"/>
    </file>
  </project>
</coverage>
