{"C:\\Workplace\\teste_de_software\\atividade03-etapa-n2\\dist\\src\\Triangulo.js": {"path":"C:\\Workplace\\teste_de_software\\atividade03-etapa-n2\\dist\\src\\Triangulo.js","statementMap":{"0":{"start":{"line":2,"column":0},"end":{"line":2,"column":62}},"1":{"start":{"line":5,"column":8},"end":{"line":5,"column":27}},"2":{"start":{"line":6,"column":8},"end":{"line":6,"column":27}},"3":{"start":{"line":7,"column":8},"end":{"line":7,"column":27}},"4":{"start":{"line":10,"column":8},"end":{"line":10,"column":68}},"5":{"start":{"line":13,"column":8},"end":{"line":14,"column":24}},"6":{"start":{"line":14,"column":12},"end":{"line":14,"column":24}},"7":{"start":{"line":15,"column":8},"end":{"line":16,"column":24}},"8":{"start":{"line":16,"column":12},"end":{"line":16,"column":24}},"9":{"start":{"line":17,"column":8},"end":{"line":18,"column":24}},"10":{"start":{"line":18,"column":12},"end":{"line":18,"column":24}},"11":{"start":{"line":19,"column":8},"end":{"line":19,"column":21}},"12":{"start":{"line":22,"column":8},"end":{"line":22,"column":98}},"13":{"start":{"line":25,"column":8},"end":{"line":27,"column":24}},"14":{"start":{"line":27,"column":12},"end":{"line":27,"column":24}},"15":{"start":{"line":28,"column":8},"end":{"line":28,"column":21}},"16":{"start":{"line":31,"column":8},"end":{"line":32,"column":24}},"17":{"start":{"line":32,"column":12},"end":{"line":32,"column":24}},"18":{"start":{"line":33,"column":8},"end":{"line":33,"column":21}},"19":{"start":{"line":36,"column":8},"end":{"line":37,"column":42}},"20":{"start":{"line":37,"column":12},"end":{"line":37,"column":42}},"21":{"start":{"line":38,"column":8},"end":{"line":39,"column":32}},"22":{"start":{"line":39,"column":12},"end":{"line":39,"column":32}},"23":{"start":{"line":40,"column":8},"end":{"line":41,"column":30}},"24":{"start":{"line":41,"column":12},"end":{"line":41,"column":30}},"25":{"start":{"line":42,"column":8},"end":{"line":42,"column":27}},"26":{"start":{"line":45,"column":8},"end":{"line":46,"column":56}},"27":{"start":{"line":46,"column":12},"end":{"line":46,"column":56}},"28":{"start":{"line":47,"column":8},"end":{"line":47,"column":17}},"29":{"start":{"line":50,"column":0},"end":{"line":50,"column":28}}},"fnMap":{"0":{"name":"(anonymous_0)","decl":{"start":{"line":4,"column":4},"end":{"line":4,"column":5}},"loc":{"start":{"line":4,"column":37},"end":{"line":8,"column":5}},"line":4},"1":{"name":"(anonymous_1)","decl":{"start":{"line":9,"column":4},"end":{"line":9,"column":5}},"loc":{"start":{"line":9,"column":19},"end":{"line":11,"column":5}},"line":9},"2":{"name":"(anonymous_2)","decl":{"start":{"line":12,"column":4},"end":{"line":12,"column":5}},"loc":{"start":{"line":12,"column":18},"end":{"line":20,"column":5}},"line":12},"3":{"name":"(anonymous_3)","decl":{"start":{"line":21,"column":4},"end":{"line":21,"column":5}},"loc":{"start":{"line":21,"column":17},"end":{"line":23,"column":5}},"line":21},"4":{"name":"(anonymous_4)","decl":{"start":{"line":24,"column":4},"end":{"line":24,"column":5}},"loc":{"start":{"line":24,"column":24},"end":{"line":29,"column":5}},"line":24},"5":{"name":"(anonymous_5)","decl":{"start":{"line":30,"column":4},"end":{"line":30,"column":5}},"loc":{"start":{"line":30,"column":22},"end":{"line":34,"column":5}},"line":30},"6":{"name":"(anonymous_6)","decl":{"start":{"line":35,"column":4},"end":{"line":35,"column":5}},"loc":{"start":{"line":35,"column":26},"end":{"line":43,"column":5}},"line":35},"7":{"name":"(anonymous_7)","decl":{"start":{"line":44,"column":4},"end":{"line":44,"column":5}},"loc":{"start":{"line":44,"column":23},"end":{"line":48,"column":5}},"line":44}},"branchMap":{"0":{"loc":{"start":{"line":10,"column":15},"end":{"line":10,"column":67}},"type":"binary-expr","locations":[{"start":{"line":10,"column":15},"end":{"line":10,"column":39}},{"start":{"line":10,"column":43},"end":{"line":10,"column":67}}],"line":10},"1":{"loc":{"start":{"line":13,"column":8},"end":{"line":14,"column":24}},"type":"if","locations":[{"start":{"line":13,"column":8},"end":{"line":14,"column":24}},{"start":{},"end":{}}],"line":13},"2":{"loc":{"start":{"line":13,"column":12},"end":{"line":13,"column":64}},"type":"binary-expr","locations":[{"start":{"line":13,"column":12},"end":{"line":13,"column":36}},{"start":{"line":13,"column":40},"end":{"line":13,"column":64}}],"line":13},"3":{"loc":{"start":{"line":15,"column":8},"end":{"line":16,"column":24}},"type":"if","locations":[{"start":{"line":15,"column":8},"end":{"line":16,"column":24}},{"start":{},"end":{}}],"line":15},"4":{"loc":{"start":{"line":15,"column":12},"end":{"line":15,"column":64}},"type":"binary-expr","locations":[{"start":{"line":15,"column":12},"end":{"line":15,"column":36}},{"start":{"line":15,"column":40},"end":{"line":15,"column":64}}],"line":15},"5":{"loc":{"start":{"line":17,"column":8},"end":{"line":18,"column":24}},"type":"if","locations":[{"start":{"line":17,"column":8},"end":{"line":18,"column":24}},{"start":{},"end":{}}],"line":17},"6":{"loc":{"start":{"line":17,"column":12},"end":{"line":17,"column":64}},"type":"binary-expr","locations":[{"start":{"line":17,"column":12},"end":{"line":17,"column":36}},{"start":{"line":17,"column":40},"end":{"line":17,"column":64}}],"line":17},"7":{"loc":{"start":{"line":22,"column":16},"end":{"line":22,"column":96}},"type":"binary-expr","locations":[{"start":{"line":22,"column":16},"end":{"line":22,"column":40}},{"start":{"line":22,"column":44},"end":{"line":22,"column":68}},{"start":{"line":22,"column":72},"end":{"line":22,"column":96}}],"line":22},"8":{"loc":{"start":{"line":25,"column":8},"end":{"line":27,"column":24}},"type":"if","locations":[{"start":{"line":25,"column":8},"end":{"line":27,"column":24}},{"start":{},"end":{}}],"line":25},"9":{"loc":{"start":{"line":25,"column":12},"end":{"line":26,"column":51}},"type":"binary-expr","locations":[{"start":{"line":25,"column":12},"end":{"line":25,"column":48}},{"start":{"line":25,"column":52},"end":{"line":25,"column":88}},{"start":{"line":26,"column":15},"end":{"line":26,"column":51}}],"line":25},"10":{"loc":{"start":{"line":31,"column":8},"end":{"line":32,"column":24}},"type":"if","locations":[{"start":{"line":31,"column":8},"end":{"line":32,"column":24}},{"start":{},"end":{}}],"line":31},"11":{"loc":{"start":{"line":31,"column":12},"end":{"line":31,"column":62}},"type":"binary-expr","locations":[{"start":{"line":31,"column":12},"end":{"line":31,"column":26}},{"start":{"line":31,"column":30},"end":{"line":31,"column":44}},{"start":{"line":31,"column":48},"end":{"line":31,"column":62}}],"line":31},"12":{"loc":{"start":{"line":36,"column":8},"end":{"line":37,"column":42}},"type":"if","locations":[{"start":{"line":36,"column":8},"end":{"line":37,"column":42}},{"start":{},"end":{}}],"line":36},"13":{"loc":{"start":{"line":36,"column":12},"end":{"line":36,"column":64}},"type":"binary-expr","locations":[{"start":{"line":36,"column":12},"end":{"line":36,"column":37}},{"start":{"line":36,"column":41},"end":{"line":36,"column":64}}],"line":36},"14":{"loc":{"start":{"line":38,"column":8},"end":{"line":39,"column":32}},"type":"if","locations":[{"start":{"line":38,"column":8},"end":{"line":39,"column":32}},{"start":{},"end":{}}],"line":38},"15":{"loc":{"start":{"line":40,"column":8},"end":{"line":41,"column":30}},"type":"if","locations":[{"start":{"line":40,"column":8},"end":{"line":41,"column":30}},{"start":{},"end":{}}],"line":40},"16":{"loc":{"start":{"line":45,"column":8},"end":{"line":46,"column":56}},"type":"if","locations":[{"start":{"line":45,"column":8},"end":{"line":46,"column":56}},{"start":{},"end":{}}],"line":45},"17":{"loc":{"start":{"line":45,"column":12},"end":{"line":45,"column":62}},"type":"binary-expr","locations":[{"start":{"line":45,"column":12},"end":{"line":45,"column":36}},{"start":{"line":45,"column":40},"end":{"line":45,"column":62}}],"line":45}},"s":{"0":1,"1":26,"2":26,"3":26,"4":5,"5":4,"6":1,"7":3,"8":1,"9":2,"10":1,"11":1,"12":4,"13":15,"14":4,"15":11,"16":11,"17":4,"18":7,"19":7,"20":4,"21":3,"22":1,"23":2,"24":1,"25":1,"26":6,"27":1,"28":5,"29":1},"f":{"0":26,"1":5,"2":4,"3":4,"4":15,"5":11,"6":7,"7":6},"b":{"0":[5,3],"1":[1,3],"2":[4,2],"3":[1,2],"4":[3,2],"5":[1,1],"6":[2,2],"7":[4,3,3],"8":[4,11],"9":[15,5,4],"10":[4,7],"11":[11,6,4],"12":[4,3],"13":[7,3],"14":[1,2],"15":[1,1],"16":[1,5],"17":[6,5]},"inputSourceMap":null,"_coverageSchema":"1a1c01bbd47fc00a2c39e90264f33305004495a9","hash":"5626a2f85ce9e1a8a44cbd23a4d5418d0c56eee3"}
}
