TN:
SF:dist\src\Triangulo.js
FN:4,(anonymous_0)
FN:9,(anonymous_1)
FN:12,(anonymous_2)
FN:21,(anonymous_3)
FN:24,(anonymous_4)
FN:30,(anonymous_5)
FN:35,(anonymous_6)
FN:44,(anonymous_7)
FNF:8
FNH:8
FNDA:26,(anonymous_0)
FNDA:5,(anonymous_1)
FNDA:4,(anonymous_2)
FNDA:4,(anonymous_3)
FNDA:15,(anonymous_4)
FNDA:11,(anonymous_5)
FNDA:7,(anonymous_6)
FNDA:6,(anonymous_7)
DA:2,1
DA:5,26
DA:6,26
DA:7,26
DA:10,5
DA:13,4
DA:14,1
DA:15,3
DA:16,1
DA:17,2
DA:18,1
DA:19,1
DA:22,4
DA:25,15
DA:27,4
DA:28,11
DA:31,11
DA:32,4
DA:33,7
DA:36,7
DA:37,4
DA:38,3
DA:39,1
DA:40,2
DA:41,1
DA:42,1
DA:45,6
DA:46,1
DA:47,5
DA:50,1
LF:30
LH:30
BRDA:10,0,0,5
BRDA:10,0,1,3
BRDA:13,1,0,1
BRDA:13,1,1,3
BRDA:13,2,0,4
BRDA:13,2,1,2
BRDA:15,3,0,1
BRDA:15,3,1,2
BRDA:15,4,0,3
BRDA:15,4,1,2
BRDA:17,5,0,1
BRDA:17,5,1,1
BRDA:17,6,0,2
BRDA:17,6,1,2
BRDA:22,7,0,4
BRDA:22,7,1,3
BRDA:22,7,2,3
BRDA:25,8,0,4
BRDA:25,8,1,11
BRDA:25,9,0,15
BRDA:25,9,1,5
BRDA:25,9,2,4
BRDA:31,10,0,4
BRDA:31,10,1,7
BRDA:31,11,0,11
BRDA:31,11,1,6
BRDA:31,11,2,4
BRDA:36,12,0,4
BRDA:36,12,1,3
BRDA:36,13,0,7
BRDA:36,13,1,3
BRDA:38,14,0,1
BRDA:38,14,1,2
BRDA:40,15,0,1
BRDA:40,15,1,1
BRDA:45,16,0,1
BRDA:45,16,1,5
BRDA:45,17,0,6
BRDA:45,17,1,5
BRF:39
BRH:39
end_of_record
